<?xml version="1.0" encoding="UTF-8"?>
<testsuite name="org.apache.mahout.math.PivotedMatrixTest" time="0.088" tests="60" errors="0" skipped="0" failures="0">
  <properties>
    <property name="java.runtime.name" value="Java(TM) SE Runtime Environment"/>
    <property name="sun.boot.library.path" value="/System/Library/Java/JavaVirtualMachines/1.6.0.jdk/Contents/Libraries"/>
    <property name="java.vm.version" value="20.65-b04-462"/>
    <property name="awt.nativeDoubleBuffering" value="true"/>
    <property name="gopherProxySet" value="false"/>
    <property name="mrj.build" value="11M4609"/>
    <property name="java.vm.vendor" value="Apple Inc."/>
    <property name="java.vendor.url" value="http://www.apple.com/"/>
    <property name="path.separator" value=":"/>
    <property name="guice.disable.misplaced.annotation.check" value="true"/>
    <property name="java.vm.name" value="Java HotSpot(TM) 64-Bit Server VM"/>
    <property name="file.encoding.pkg" value="sun.io"/>
    <property name="user.country" value="US"/>
    <property name="sun.java.launcher" value="SUN_STANDARD"/>
    <property name="sun.os.patch.level" value="unknown"/>
    <property name="java.vm.specification.name" value="Java Virtual Machine Specification"/>
    <property name="user.dir" value="/Users/James/Documents/TEMP/mahout-distribution-0.8"/>
    <property name="java.runtime.version" value="1.6.0_65-b14-462-11M4609"/>
    <property name="java.awt.graphicsenv" value="apple.awt.CGraphicsEnvironment"/>
    <property name="java.endorsed.dirs" value="/System/Library/Java/JavaVirtualMachines/1.6.0.jdk/Contents/Home/lib/endorsed"/>
    <property name="os.arch" value="x86_64"/>
    <property name="java.io.tmpdir" value="/var/folders/7k/4pmgq3hd7dqf9bvgfcplnqxc0000gn/T/"/>
    <property name="line.separator" value="&#10;"/>
    <property name="java.vm.specification.vendor" value="Sun Microsystems Inc."/>
    <property name="os.name" value="Mac OS X"/>
    <property name="classworlds.conf" value="/usr/local/Cellar/maven/3.1.1/libexec/bin/m2.conf"/>
    <property name="sun.jnu.encoding" value="MacRoman"/>
    <property name="java.library.path" value=".:/Library/Java/Extensions:/System/Library/Java/Extensions:/usr/lib/java"/>
    <property name="java.specification.name" value="Java Platform API Specification"/>
    <property name="java.class.version" value="50.0"/>
    <property name="sun.management.compiler" value="HotSpot 64-Bit Tiered Compilers"/>
    <property name="os.version" value="10.9"/>
    <property name="http.nonProxyHosts" value="local|*.local|169.254/16|*.169.254/16"/>
    <property name="user.home" value="/Users/James"/>
    <property name="user.timezone" value="America/New_York"/>
    <property name="java.awt.printerjob" value="apple.awt.CPrinterJob"/>
    <property name="java.specification.version" value="1.6"/>
    <property name="file.encoding" value="MacRoman"/>
    <property name="user.name" value="James"/>
    <property name="java.class.path" value="/usr/local/Cellar/maven/3.1.1/libexec/boot/plexus-classworlds-2.5.1.jar"/>
    <property name="org.slf4j.simpleLogger.defaultLogLevel" value="info"/>
    <property name="java.vm.specification.version" value="1.0"/>
    <property name="sun.arch.data.model" value="64"/>
    <property name="java.home" value="/System/Library/Java/JavaVirtualMachines/1.6.0.jdk/Contents/Home"/>
    <property name="sun.java.command" value="org.codehaus.plexus.classworlds.launcher.Launcher install"/>
    <property name="java.specification.vendor" value="Sun Microsystems Inc."/>
    <property name="user.language" value="en"/>
    <property name="awt.toolkit" value="apple.awt.CToolkit"/>
    <property name="java.vm.info" value="mixed mode"/>
    <property name="java.version" value="1.6.0_65"/>
    <property name="java.ext.dirs" value="/Library/Java/Extensions:/System/Library/Java/Extensions:/System/Library/Java/JavaVirtualMachines/1.6.0.jdk/Contents/Home/lib/ext"/>
    <property name="sun.boot.class.path" value="/System/Library/Java/JavaVirtualMachines/1.6.0.jdk/Contents/Classes/jsfd.jar:/System/Library/Java/JavaVirtualMachines/1.6.0.jdk/Contents/Classes/classes.jar:/System/Library/Frameworks/JavaVM.framework/Frameworks/JavaRuntimeSupport.framework/Resources/Java/JavaRuntimeSupport.jar:/System/Library/Java/JavaVirtualMachines/1.6.0.jdk/Contents/Classes/ui.jar:/System/Library/Java/JavaVirtualMachines/1.6.0.jdk/Contents/Classes/laf.jar:/System/Library/Java/JavaVirtualMachines/1.6.0.jdk/Contents/Classes/sunrsasign.jar:/System/Library/Java/JavaVirtualMachines/1.6.0.jdk/Contents/Classes/jsse.jar:/System/Library/Java/JavaVirtualMachines/1.6.0.jdk/Contents/Classes/jce.jar:/System/Library/Java/JavaVirtualMachines/1.6.0.jdk/Contents/Classes/charsets.jar"/>
    <property name="java.vendor" value="Apple Inc."/>
    <property name="maven.home" value="/usr/local/Cellar/maven/3.1.1/libexec"/>
    <property name="file.separator" value="/"/>
    <property name="java.vendor.url.bug" value="http://bugreport.apple.com/"/>
    <property name="sun.cpu.endian" value="little"/>
    <property name="sun.io.unicode.encoding" value="UnicodeLittle"/>
    <property name="mrj.version" value="1070.1.6.0_65-462"/>
    <property name="socksNonProxyHosts" value="local|*.local|169.254/16|*.169.254/16"/>
    <property name="ftp.nonProxyHosts" value="local|*.local|169.254/16|*.169.254/16"/>
    <property name="sun.cpu.isalist" value=""/>
  </properties>
  <testcase name="testSwap" classname="org.apache.mahout.math.PivotedMatrixTest" time="0.039"/>
  <testcase name="testLikeIntInt" classname="org.apache.mahout.math.PivotedMatrixTest" time="0"/>
  <testcase name="testViewPartIndexUnder" classname="org.apache.mahout.math.PivotedMatrixTest" time="0"/>
  <testcase name="testGetIndexUnder" classname="org.apache.mahout.math.PivotedMatrixTest" time="0.001"/>
  <testcase name="testAssignColumn" classname="org.apache.mahout.math.PivotedMatrixTest" time="0"/>
  <testcase name="testAssignDouble" classname="org.apache.mahout.math.PivotedMatrixTest" time="0"/>
  <testcase name="testPlusMatrixCardinality" classname="org.apache.mahout.math.PivotedMatrixTest" time="0"/>
  <testcase name="testTimesSquaredTimesVector" classname="org.apache.mahout.math.PivotedMatrixTest" time="0.004"/>
  <testcase name="testGetQuick" classname="org.apache.mahout.math.PivotedMatrixTest" time="0"/>
  <testcase name="testViewPartCardinality" classname="org.apache.mahout.math.PivotedMatrixTest" time="0"/>
  <testcase name="testAssignMatrix" classname="org.apache.mahout.math.PivotedMatrixTest" time="0"/>
  <testcase name="testGet" classname="org.apache.mahout.math.PivotedMatrixTest" time="0"/>
  <testcase name="testClone" classname="org.apache.mahout.math.PivotedMatrixTest" time="0.001"/>
  <testcase name="testMinus" classname="org.apache.mahout.math.PivotedMatrixTest" time="0"/>
  <testcase name="testAggregateCols" classname="org.apache.mahout.math.PivotedMatrixTest" time="0.001"/>
  <testcase name="testAggregateRows" classname="org.apache.mahout.math.PivotedMatrixTest" time="0.001"/>
  <testcase name="testCopy" classname="org.apache.mahout.math.PivotedMatrixTest" time="0"/>
  <testcase name="testLike" classname="org.apache.mahout.math.PivotedMatrixTest" time="0"/>
  <testcase name="testSize" classname="org.apache.mahout.math.PivotedMatrixTest" time="0"/>
  <testcase name="testZSum" classname="org.apache.mahout.math.PivotedMatrixTest" time="0"/>
  <testcase name="testMinusCardinality" classname="org.apache.mahout.math.PivotedMatrixTest" time="0"/>
  <testcase name="testAssignDoubleArrayArrayCardinality" classname="org.apache.mahout.math.PivotedMatrixTest" time="0"/>
  <testcase name="testDeterminant" classname="org.apache.mahout.math.PivotedMatrixTest" time="0"/>
  <testcase name="testTimesDouble" classname="org.apache.mahout.math.PivotedMatrixTest" time="0"/>
  <testcase name="testAssignUnaryFunction" classname="org.apache.mahout.math.PivotedMatrixTest" time="0"/>
  <testcase name="testAssignColumnCardinality" classname="org.apache.mahout.math.PivotedMatrixTest" time="0"/>
  <testcase name="testTimesMatrix" classname="org.apache.mahout.math.PivotedMatrixTest" time="0.003"/>
  <testcase name="testViewColumnIndexOver" classname="org.apache.mahout.math.PivotedMatrixTest" time="0"/>
  <testcase name="testPlusDouble" classname="org.apache.mahout.math.PivotedMatrixTest" time="0"/>
  <testcase name="testTimesVector" classname="org.apache.mahout.math.PivotedMatrixTest" time="0.001"/>
  <testcase name="testAssignMatrixBinaryFunction" classname="org.apache.mahout.math.PivotedMatrixTest" time="0"/>
  <testcase name="testViewColumnIndexUnder" classname="org.apache.mahout.math.PivotedMatrixTest" time="0"/>
  <testcase name="testViewRow" classname="org.apache.mahout.math.PivotedMatrixTest" time="0.006"/>
  <testcase name="testAssignMatrixBinaryFunctionCardinality" classname="org.apache.mahout.math.PivotedMatrixTest" time="0"/>
  <testcase name="testPlusMatrix" classname="org.apache.mahout.math.PivotedMatrixTest" time="0"/>
  <testcase name="testCardinality" classname="org.apache.mahout.math.PivotedMatrixTest" time="0"/>
  <testcase name="testGetIndexOver" classname="org.apache.mahout.math.PivotedMatrixTest" time="0"/>
  <testcase name="testLabelBindings" classname="org.apache.mahout.math.PivotedMatrixTest" time="0.007"/>
  <testcase name="testMatrixViewBug" classname="org.apache.mahout.math.PivotedMatrixTest" time="0"/>
  <testcase name="testAggregate" classname="org.apache.mahout.math.PivotedMatrixTest" time="0.001"/>
  <testcase name="testViewRowIndexUnder" classname="org.apache.mahout.math.PivotedMatrixTest" time="0"/>
  <testcase name="testRowView" classname="org.apache.mahout.math.PivotedMatrixTest" time="0.015"/>
  <testcase name="testTimesMatrixCardinality" classname="org.apache.mahout.math.PivotedMatrixTest" time="0.001"/>
  <testcase name="testLabelBindingSerialization" classname="org.apache.mahout.math.PivotedMatrixTest" time="0"/>
  <testcase name="testViewColumn" classname="org.apache.mahout.math.PivotedMatrixTest" time="0"/>
  <testcase name="testDivide" classname="org.apache.mahout.math.PivotedMatrixTest" time="0.001"/>
  <testcase name="testViewPartIndexOver" classname="org.apache.mahout.math.PivotedMatrixTest" time="0"/>
  <testcase name="testColumnView" classname="org.apache.mahout.math.PivotedMatrixTest" time="0.001"/>
  <testcase name="testSettingLabelBindings" classname="org.apache.mahout.math.PivotedMatrixTest" time="0.001"/>
  <testcase name="testAssignDoubleArrayArray" classname="org.apache.mahout.math.PivotedMatrixTest" time="0"/>
  <testcase name="testSetOver" classname="org.apache.mahout.math.PivotedMatrixTest" time="0.001"/>
  <testcase name="testTranspose" classname="org.apache.mahout.math.PivotedMatrixTest" time="0"/>
  <testcase name="testIterate" classname="org.apache.mahout.math.PivotedMatrixTest" time="0.003"/>
  <testcase name="testViewRowIndexOver" classname="org.apache.mahout.math.PivotedMatrixTest" time="0"/>
  <testcase name="testViewPart" classname="org.apache.mahout.math.PivotedMatrixTest" time="0"/>
  <testcase name="testAssignMatrixCardinality" classname="org.apache.mahout.math.PivotedMatrixTest" time="0"/>
  <testcase name="testAssignRowCardinality" classname="org.apache.mahout.math.PivotedMatrixTest" time="0"/>
  <testcase name="testAssignRow" classname="org.apache.mahout.math.PivotedMatrixTest" time="0"/>
  <testcase name="testSetQuick" classname="org.apache.mahout.math.PivotedMatrixTest" time="0"/>
  <testcase name="testSetUnder" classname="org.apache.mahout.math.PivotedMatrixTest" time="0"/>
</testsuite>